生成启动时间为 2019/2/14 17:44:10。
     1>项目“D:\Temp\GLFW_Demo_Light\GLFW_Demo_Light\GLFW_Demo_Light.vcxproj”在节点 2 上(Rebuild 个目标)。
     1>ClCompile:
         C:\Program Files (x86)\Microsoft Visual Studio 12.0\VC\bin\CL.exe /c /I"C:\Program Files (x86)\Visual Leak Detector\include" /ZI /nologo /W3 /WX- /sdl /Od /Oy- /D _MBCS /Gm /EHsc /RTC1 /MDd /GS /fp:precise /Zc:wchar_t /Zc:forScope /Fo"Debug\\" /Fd"Debug\vc120.pdb" /Gd /TC /analyze- /errorReport:prompt glad.c
         glad.c
         C:\Program Files (x86)\Microsoft Visual Studio 12.0\VC\bin\CL.exe /c /I"C:\Program Files (x86)\Visual Leak Detector\include" /ZI /nologo /W3 /WX- /sdl /Od /Oy- /D _MBCS /Gm /EHsc /RTC1 /MDd /GS /fp:precise /Zc:wchar_t /Zc:forScope /Fo"Debug\\" /Fd"Debug\vc120.pdb" /Gd /TP /analyze- /errorReport:prompt "源.cpp"
         源.cpp
     1>d:\temp\glfw_demo_light\glfw_demo_light\源.cpp(150): warning C4244: “初始化”: 从“double”转换到“float”，可能丢失数据
     1>d:\temp\glfw_demo_light\glfw_demo_light\源.cpp(244): warning C4244: “=”: 从“double”转换到“float”，可能丢失数据
     1>d:\temp\glfw_demo_light\glfw_demo_light\源.cpp(245): warning C4244: “=”: 从“double”转换到“float”，可能丢失数据
     1>d:\temp\glfw_demo_light\glfw_demo_light\源.cpp(249): warning C4244: “初始化”: 从“double”转换到“float”，可能丢失数据
     1>d:\temp\glfw_demo_light\glfw_demo_light\源.cpp(250): warning C4244: “初始化”: 从“double”转换到“float”，可能丢失数据
     1>d:\temp\glfw_demo_light\glfw_demo_light\源.cpp(252): warning C4244: “=”: 从“double”转换到“float”，可能丢失数据
     1>d:\temp\glfw_demo_light\glfw_demo_light\源.cpp(253): warning C4244: “=”: 从“double”转换到“float”，可能丢失数据
     1>d:\temp\glfw_demo_light\glfw_demo_light\源.cpp(262): warning C4244: “参数”: 从“double”转换到“float”，可能丢失数据
       Link:
         C:\Program Files (x86)\Microsoft Visual Studio 12.0\VC\bin\link.exe /ERRORREPORT:PROMPT /OUT:"D:\Temp\GLFW_Demo_Light\Debug\GLFW_Demo_Light.exe" /INCREMENTAL /NOLOGO /LIBPATH:"C:\Program Files (x86)\Visual Leak Detector\lib\Win32" glfw3.lib opengl32.lib kernel32.lib user32.lib gdi32.lib winspool.lib comdlg32.lib advapi32.lib shell32.lib ole32.lib oleaut32.lib uuid.lib odbc32.lib odbccp32.lib /MANIFEST /MANIFESTUAC:"level='asInvoker' uiAccess='false'" /manifest:embed /DEBUG /PDB:"D:\Temp\GLFW_Demo_Light\Debug\GLFW_Demo_Light.pdb" /TLBID:1 /DYNAMICBASE /NXCOMPAT /IMPLIB:"D:\Temp\GLFW_Demo_Light\Debug\GLFW_Demo_Light.lib" /MACHINE:X86 Debug\glad.obj
         "Debug\源.obj"
     1>LINK : warning LNK4098: 默认库“MSVCRT”与其他库的使用冲突；请使用 /NODEFAULTLIB:library
         GLFW_Demo_Light.vcxproj -> D:\Temp\GLFW_Demo_Light\Debug\GLFW_Demo_Light.exe
     1>已完成生成项目“D:\Temp\GLFW_Demo_Light\GLFW_Demo_Light\GLFW_Demo_Light.vcxproj”(Rebuild 个目标)的操作。

生成成功。

已用时间 00:00:01.97
